===> Configurations
img_size ==> [256, 340]
image_path ==> /DATA/dataset/Flickr30k/Flickr30k/Images
captions_path ==> /DATA/dataset/Flickr30k/Flickr30k/captions.txt
batch_size ==> 32
pin_memory ==> True
num_workers ==> 4
backbone_layers ==> ['conv1', 'bn1', 'relu', 'maxpool', 'layer1', 'layer2', 'layer3', 'layer4']
encoder_layers ==> 6
decoder_layers ==> 6
encoder_heads ==> 8
decoder_heads ==> 8
embed_dim ==> 256
dropout ==> 0.1
lr ==> 0.0001
gpu ==> 5
return_logs ==> False
vocabulary_size ==> 12081
save_path ==> saved_models/detr_img_caption_lr00001_e300_v2.pth
epochs ==> 300
# of parameters: 47540465
[1/300] loss: 2.421
[2/300] loss: 1.999
[3/300] loss: 1.887
[4/300] loss: 1.836
[5/300] loss: 1.794
[6/300] loss: 1.747
[7/300] loss: 1.718
[8/300] loss: 1.714
[9/300] loss: 1.693
[10/300] loss: 1.683
[11/300] loss: 1.637
[12/300] loss: 1.627
[13/300] loss: 1.603
[14/300] loss: 1.612
[15/300] loss: 1.614
[16/300] loss: 1.603
[17/300] loss: 1.595
[18/300] loss: 1.574
[19/300] loss: 1.567
[20/300] loss: 1.581
[21/300] loss: 1.549
[22/300] loss: 1.545
[23/300] loss: 1.539
[24/300] loss: 1.538
[25/300] loss: 1.528
[26/300] loss: 1.496
[27/300] loss: 1.494
[28/300] loss: 1.498
[29/300] loss: 1.497
[30/300] loss: 1.503
[31/300] loss: 1.466
[32/300] loss: 1.467
[33/300] loss: 1.462
[34/300] loss: 1.458
[35/300] loss: 1.454
[36/300] loss: 1.435
[37/300] loss: 1.442
[38/300] loss: 1.430
[39/300] loss: 1.433
[40/300] loss: 1.444
[41/300] loss: 1.416
[42/300] loss: 1.423
[43/300] loss: 1.405
[44/300] loss: 1.398
[45/300] loss: 1.404
[46/300] loss: 1.386
[47/300] loss: 1.397
[48/300] loss: 1.387
[49/300] loss: 1.392
[50/300] loss: 1.368
[51/300] loss: 1.355
[52/300] loss: 1.377
[53/300] loss: 1.356
[54/300] loss: 1.358
[55/300] loss: 1.351
[56/300] loss: 1.345
[57/300] loss: 1.348
[58/300] loss: 1.349
[59/300] loss: 1.338
[60/300] loss: 1.331
[61/300] loss: 1.328
[62/300] loss: 1.324
[63/300] loss: 1.316
[64/300] loss: 1.313
[65/300] loss: 1.320
[66/300] loss: 1.311
[67/300] loss: 1.311
[68/300] loss: 1.303
[69/300] loss: 1.293
[70/300] loss: 1.289
[71/300] loss: 1.300
[72/300] loss: 1.284
[73/300] loss: 1.295
[74/300] loss: 1.285
[75/300] loss: 1.277
[76/300] loss: 1.264
[77/300] loss: 1.255
[78/300] loss: 1.267
[79/300] loss: 1.256
[80/300] loss: 1.250
[81/300] loss: 1.262
[82/300] loss: 1.251
[83/300] loss: 1.247
[84/300] loss: 1.239
[85/300] loss: 1.245
[86/300] loss: 1.227
[87/300] loss: 1.240
[88/300] loss: 1.221
[89/300] loss: 1.232
[90/300] loss: 1.232
[91/300] loss: 1.218
[92/300] loss: 1.229
[93/300] loss: 1.212
[94/300] loss: 1.216
[95/300] loss: 1.221
[96/300] loss: 1.208
[97/300] loss: 1.188
[98/300] loss: 1.208
[99/300] loss: 1.193
[100/300] loss: 1.182
[101/300] loss: 1.183
[102/300] loss: 1.198
[103/300] loss: 1.185
[104/300] loss: 1.185
[105/300] loss: 1.175
[106/300] loss: 1.171
[107/300] loss: 1.170
[108/300] loss: 1.171
[109/300] loss: 1.175
[110/300] loss: 1.154
[111/300] loss: 1.154
[112/300] loss: 1.147
[113/300] loss: 1.147
[114/300] loss: 1.146
[115/300] loss: 1.143
[116/300] loss: 1.150
[117/300] loss: 1.131
[118/300] loss: 1.132
[119/300] loss: 1.125
[120/300] loss: 1.132
[121/300] loss: 1.129
[122/300] loss: 1.113
[123/300] loss: 1.111
[124/300] loss: 1.111
[125/300] loss: 1.107
[126/300] loss: 1.110
[127/300] loss: 1.106
[128/300] loss: 1.095
[129/300] loss: 1.102
[130/300] loss: 1.089
[131/300] loss: 1.100
[132/300] loss: 1.091
[133/300] loss: 1.083
[134/300] loss: 1.077
[135/300] loss: 1.083
[136/300] loss: 1.080
[137/300] loss: 1.079
[138/300] loss: 1.067
[139/300] loss: 1.068
[140/300] loss: 1.062
[141/300] loss: 1.056
[142/300] loss: 1.060
[143/300] loss: 1.057
[144/300] loss: 1.047
[145/300] loss: 1.043
[146/300] loss: 1.055
[147/300] loss: 1.042
[148/300] loss: 1.040
[149/300] loss: 1.037
[150/300] loss: 1.027
[151/300] loss: 1.020
[152/300] loss: 1.037
[153/300] loss: 1.026
[154/300] loss: 1.027
[155/300] loss: 1.006
[156/300] loss: 1.021
[157/300] loss: 1.006
[158/300] loss: 1.004
[159/300] loss: 1.008
[160/300] loss: 0.998
[161/300] loss: 0.987
[162/300] loss: 0.984
[163/300] loss: 0.996
[164/300] loss: 0.991
[165/300] loss: 0.990
[166/300] loss: 0.984
[167/300] loss: 0.982
[168/300] loss: 0.983
[169/300] loss: 0.976
[170/300] loss: 0.976
[171/300] loss: 0.974
[172/300] loss: 0.963
[173/300] loss: 0.963
[174/300] loss: 0.971
[175/300] loss: 0.957
[176/300] loss: 0.969
[177/300] loss: 0.953
[178/300] loss: 0.954
[179/300] loss: 0.943
[180/300] loss: 0.944
[181/300] loss: 0.944
[182/300] loss: 0.936
[183/300] loss: 0.934
[184/300] loss: 0.932
[185/300] loss: 0.935
[186/300] loss: 0.927
[187/300] loss: 0.924
[188/300] loss: 0.932
[189/300] loss: 0.917
[190/300] loss: 0.917
[191/300] loss: 0.920
[192/300] loss: 0.920
[193/300] loss: 0.911
[194/300] loss: 0.914
[195/300] loss: 0.907
[196/300] loss: 0.899
[197/300] loss: 0.901
[198/300] loss: 0.897
[199/300] loss: 0.893
[200/300] loss: 0.899
[201/300] loss: 0.892
[202/300] loss: 0.889
[203/300] loss: 0.885
[204/300] loss: 0.885
[205/300] loss: 0.880
[206/300] loss: 0.880
[207/300] loss: 0.874
[208/300] loss: 0.867
[209/300] loss: 0.868
[210/300] loss: 0.863
[211/300] loss: 0.871
[212/300] loss: 0.879
[213/300] loss: 0.863
[214/300] loss: 0.867
[215/300] loss: 0.863
[216/300] loss: 0.855
[217/300] loss: 0.857
[218/300] loss: 0.854
[219/300] loss: 0.845
[220/300] loss: 0.854
[221/300] loss: 0.845
[222/300] loss: 0.849
[223/300] loss: 0.845
[224/300] loss: 0.840
[225/300] loss: 0.843
[226/300] loss: 0.831
[227/300] loss: 0.827
[228/300] loss: 0.833
[229/300] loss: 0.831
[230/300] loss: 0.824
[231/300] loss: 0.824
[232/300] loss: 0.826
[233/300] loss: 0.813
[234/300] loss: 0.830
[235/300] loss: 0.815
[236/300] loss: 0.821
[237/300] loss: 0.816
[238/300] loss: 0.801
[239/300] loss: 0.804
[240/300] loss: 0.804
[241/300] loss: 0.803
[242/300] loss: 0.805
[243/300] loss: 0.805
[244/300] loss: 0.798
[245/300] loss: 0.790
[246/300] loss: 0.794
[247/300] loss: 0.795
[248/300] loss: 0.788
[249/300] loss: 0.792
[250/300] loss: 0.789
[251/300] loss: 0.785
[252/300] loss: 0.788
[253/300] loss: 0.790
[254/300] loss: 0.784
[255/300] loss: 0.783
[256/300] loss: 0.781
[257/300] loss: 0.781
[258/300] loss: 0.773
[259/300] loss: 0.763
[260/300] loss: 0.780
[261/300] loss: 0.774
[262/300] loss: 0.770
[263/300] loss: 0.763
[264/300] loss: 0.767
[265/300] loss: 0.762
[266/300] loss: 0.766
[267/300] loss: 0.760
[268/300] loss: 0.757
[269/300] loss: 0.757
[270/300] loss: 0.753
[271/300] loss: 0.755
[272/300] loss: 0.745
[273/300] loss: 0.749
[274/300] loss: 0.751
[275/300] loss: 0.745
[276/300] loss: 0.741
[277/300] loss: 0.753
[278/300] loss: 0.741
[279/300] loss: 0.741
[280/300] loss: 0.736
[281/300] loss: 0.741
[282/300] loss: 0.741
[283/300] loss: 0.733
[284/300] loss: 0.737
[285/300] loss: 0.734
[286/300] loss: 0.735
[287/300] loss: 0.724
[288/300] loss: 0.734
[289/300] loss: 0.726
[290/300] loss: 0.722
[291/300] loss: 0.726
[292/300] loss: 0.724
[293/300] loss: 0.724
[294/300] loss: 0.722
[295/300] loss: 0.712
[296/300] loss: 0.714
[297/300] loss: 0.727
[298/300] loss: 0.710
[299/300] loss: 0.709
[300/300] loss: 0.716
model weights saved !!!
