===> Configurations
img_size ==> [256, 340]
image_path ==> /DATA/dataset/Flickr30k/Flickr30k/Images
captions_path ==> /DATA/dataset/Flickr30k/Flickr30k/captions.txt
batch_size ==> 32
pin_memory ==> True
num_workers ==> 4
backbone_layers ==> ['conv1', 'bn1', 'relu', 'maxpool', 'layer1', 'layer2', 'layer3', 'layer4']
encoder_layers ==> 6
decoder_layers ==> 6
encoder_heads ==> 8
decoder_heads ==> 8
embed_dim ==> 256
dropout ==> 0.1
lr ==> 1e-05
gpu ==> 6
return_logs ==> False
vocabulary_size ==> 12081
save_path ==> saved_models/detr_img_caption_lr000001_e500_v5.pth
epochs ==> 500
# of parameters: 47540465
[1/500] loss: 3.647
[2/500] loss: 2.529
[3/500] loss: 2.356
[4/500] loss: 2.265
[5/500] loss: 2.189
[6/500] loss: 2.140
[7/500] loss: 2.117
[8/500] loss: 2.061
[9/500] loss: 2.028
[10/500] loss: 2.011
[11/500] loss: 1.987
[12/500] loss: 1.980
[13/500] loss: 1.947
[14/500] loss: 1.943
[15/500] loss: 1.913
[16/500] loss: 1.896
[17/500] loss: 1.881
[18/500] loss: 1.877
[19/500] loss: 1.861
[20/500] loss: 1.853
[21/500] loss: 1.834
[22/500] loss: 1.826
[23/500] loss: 1.798
[24/500] loss: 1.787
[25/500] loss: 1.779
[26/500] loss: 1.775
[27/500] loss: 1.762
[28/500] loss: 1.775
[29/500] loss: 1.757
[30/500] loss: 1.716
[31/500] loss: 1.738
[32/500] loss: 1.721
[33/500] loss: 1.708
[34/500] loss: 1.706
[35/500] loss: 1.686
[36/500] loss: 1.684
[37/500] loss: 1.674
[38/500] loss: 1.667
[39/500] loss: 1.677
[40/500] loss: 1.669
[41/500] loss: 1.647
[42/500] loss: 1.660
[43/500] loss: 1.633
[44/500] loss: 1.647
[45/500] loss: 1.621
[46/500] loss: 1.620
[47/500] loss: 1.598
[48/500] loss: 1.593
[49/500] loss: 1.606
[50/500] loss: 1.600
[51/500] loss: 1.566
[52/500] loss: 1.590
[53/500] loss: 1.565
[54/500] loss: 1.564
[55/500] loss: 1.565
[56/500] loss: 1.559
[57/500] loss: 1.561
[58/500] loss: 1.551
[59/500] loss: 1.541
[60/500] loss: 1.533
[61/500] loss: 1.526
[62/500] loss: 1.512
[63/500] loss: 1.522
[64/500] loss: 1.517
[65/500] loss: 1.517
[66/500] loss: 1.507
[67/500] loss: 1.501
[68/500] loss: 1.500
[69/500] loss: 1.479
[70/500] loss: 1.500
[71/500] loss: 1.490
[72/500] loss: 1.474
[73/500] loss: 1.472
[74/500] loss: 1.463
[75/500] loss: 1.470
[76/500] loss: 1.473
[77/500] loss: 1.459
[78/500] loss: 1.449
[79/500] loss: 1.453
[80/500] loss: 1.455
[81/500] loss: 1.444
[82/500] loss: 1.430
[83/500] loss: 1.432
[84/500] loss: 1.438
[85/500] loss: 1.424
[86/500] loss: 1.427
[87/500] loss: 1.418
[88/500] loss: 1.421
[89/500] loss: 1.415
[90/500] loss: 1.401
[91/500] loss: 1.411
[92/500] loss: 1.422
[93/500] loss: 1.391
[94/500] loss: 1.385
[95/500] loss: 1.393
[96/500] loss: 1.391
[97/500] loss: 1.389
[98/500] loss: 1.382
[99/500] loss: 1.370
[100/500] loss: 1.374
[101/500] loss: 1.363
[102/500] loss: 1.371
[103/500] loss: 1.370
[104/500] loss: 1.367
[105/500] loss: 1.347
[106/500] loss: 1.349
[107/500] loss: 1.353
[108/500] loss: 1.344
[109/500] loss: 1.329
[110/500] loss: 1.331
[111/500] loss: 1.346
[112/500] loss: 1.338
[113/500] loss: 1.336
[114/500] loss: 1.324
[115/500] loss: 1.329
[116/500] loss: 1.308
[117/500] loss: 1.308
[118/500] loss: 1.318
[119/500] loss: 1.308
[120/500] loss: 1.296
[121/500] loss: 1.315
[122/500] loss: 1.306
[123/500] loss: 1.306
[124/500] loss: 1.289
[125/500] loss: 1.288
[126/500] loss: 1.290
[127/500] loss: 1.295
[128/500] loss: 1.288
[129/500] loss: 1.289
[130/500] loss: 1.288
[131/500] loss: 1.279
[132/500] loss: 1.274
[133/500] loss: 1.278
[134/500] loss: 1.267
[135/500] loss: 1.257
[136/500] loss: 1.258
[137/500] loss: 1.251
[138/500] loss: 1.262
[139/500] loss: 1.250
[140/500] loss: 1.248
[141/500] loss: 1.255
[142/500] loss: 1.248
[143/500] loss: 1.254
[144/500] loss: 1.230
[145/500] loss: 1.242
[146/500] loss: 1.231
[147/500] loss: 1.230
[148/500] loss: 1.243
[149/500] loss: 1.234
[150/500] loss: 1.230
[151/500] loss: 1.227
[152/500] loss: 1.202
[153/500] loss: 1.217
[154/500] loss: 1.210
[155/500] loss: 1.206
[156/500] loss: 1.212
[157/500] loss: 1.198
[158/500] loss: 1.199
[159/500] loss: 1.197
[160/500] loss: 1.203
[161/500] loss: 1.199
[162/500] loss: 1.194
[163/500] loss: 1.197
[164/500] loss: 1.190
[165/500] loss: 1.188
[166/500] loss: 1.182
[167/500] loss: 1.179
[168/500] loss: 1.177
[169/500] loss: 1.171
[170/500] loss: 1.174
[171/500] loss: 1.163
[172/500] loss: 1.159
[173/500] loss: 1.166
[174/500] loss: 1.159
[175/500] loss: 1.157
[176/500] loss: 1.159
[177/500] loss: 1.162
[178/500] loss: 1.154
[179/500] loss: 1.170
[180/500] loss: 1.153
[181/500] loss: 1.145
[182/500] loss: 1.139
[183/500] loss: 1.143
[184/500] loss: 1.152
[185/500] loss: 1.138
[186/500] loss: 1.138
[187/500] loss: 1.148
[188/500] loss: 1.132
[189/500] loss: 1.134
[190/500] loss: 1.142
[191/500] loss: 1.123
[192/500] loss: 1.133
[193/500] loss: 1.111
[194/500] loss: 1.120
[195/500] loss: 1.126
[196/500] loss: 1.120
[197/500] loss: 1.126
[198/500] loss: 1.098
[199/500] loss: 1.115
[200/500] loss: 1.109
[201/500] loss: 1.110
[202/500] loss: 1.102
