===> Configurations
img_size ==> [256, 340]
image_path ==> /DATA/dataset/Flickr30k/Flickr30k/Images
captions_path ==> /DATA/dataset/Flickr30k/Flickr30k/captions.txt
batch_size ==> 32
pin_memory ==> True
num_workers ==> 4
backbone_layers ==> ['conv1', 'bn1', 'relu', 'maxpool', 'layer1', 'layer2', 'layer3', 'layer4']
encoder_layers ==> 6
decoder_layers ==> 6
encoder_heads ==> 8
decoder_heads ==> 8
embed_dim ==> 256
dropout ==> 0.1
lr ==> 1e-05
gpu ==> 6
return_logs ==> False
vocabulary_size ==> 12081
save_path ==> saved_models/detr_img_caption_lr000001_e300_v3.pth
epochs ==> 300
# of parameters: 47540465
[1/300] loss: 3.701
[2/300] loss: 2.514
[3/300] loss: 2.328
[4/300] loss: 2.224
[5/300] loss: 2.211
[6/300] loss: 2.130
[7/300] loss: 2.114
[8/300] loss: 2.059
[9/300] loss: 2.038
[10/300] loss: 1.994
[11/300] loss: 1.984
[12/300] loss: 1.972
[13/300] loss: 1.942
[14/300] loss: 1.950
[15/300] loss: 1.916
[16/300] loss: 1.911
[17/300] loss: 1.891
[18/300] loss: 1.855
[19/300] loss: 1.854
[20/300] loss: 1.842
[21/300] loss: 1.832
[22/300] loss: 1.816
[23/300] loss: 1.799
[24/300] loss: 1.788
[25/300] loss: 1.786
[26/300] loss: 1.779
[27/300] loss: 1.765
[28/300] loss: 1.743
[29/300] loss: 1.757
[30/300] loss: 1.736
[31/300] loss: 1.737
[32/300] loss: 1.703
[33/300] loss: 1.708
[34/300] loss: 1.700
[35/300] loss: 1.704
[36/300] loss: 1.688
[37/300] loss: 1.674
[38/300] loss: 1.675
[39/300] loss: 1.659
[40/300] loss: 1.652
[41/300] loss: 1.644
[42/300] loss: 1.653
[43/300] loss: 1.655
[44/300] loss: 1.636
[45/300] loss: 1.621
[46/300] loss: 1.620
[47/300] loss: 1.617
[48/300] loss: 1.608
[49/300] loss: 1.595
[50/300] loss: 1.596
[51/300] loss: 1.591
[52/300] loss: 1.576
[53/300] loss: 1.576
[54/300] loss: 1.569
[55/300] loss: 1.550
[56/300] loss: 1.556
[57/300] loss: 1.553
[58/300] loss: 1.566
[59/300] loss: 1.533
[60/300] loss: 1.540
[61/300] loss: 1.540
[62/300] loss: 1.527
[63/300] loss: 1.524
[64/300] loss: 1.530
[65/300] loss: 1.503
[66/300] loss: 1.500
[67/300] loss: 1.514
[68/300] loss: 1.498
[69/300] loss: 1.502
[70/300] loss: 1.487
[71/300] loss: 1.489
[72/300] loss: 1.487
[73/300] loss: 1.483
[74/300] loss: 1.484
[75/300] loss: 1.480
[76/300] loss: 1.468
[77/300] loss: 1.456
[78/300] loss: 1.467
[79/300] loss: 1.464
[80/300] loss: 1.458
[81/300] loss: 1.453
[82/300] loss: 1.446
[83/300] loss: 1.455
[84/300] loss: 1.432
[85/300] loss: 1.432
[86/300] loss: 1.416
[87/300] loss: 1.434
[88/300] loss: 1.422
[89/300] loss: 1.424
[90/300] loss: 1.417
[91/300] loss: 1.416
[92/300] loss: 1.402
[93/300] loss: 1.392
[94/300] loss: 1.407
[95/300] loss: 1.390
[96/300] loss: 1.398
[97/300] loss: 1.384
[98/300] loss: 1.395
[99/300] loss: 1.384
[100/300] loss: 1.381
[101/300] loss: 1.369
[102/300] loss: 1.376
[103/300] loss: 1.378
[104/300] loss: 1.370
[105/300] loss: 1.358
[106/300] loss: 1.349
[107/300] loss: 1.347
[108/300] loss: 1.362
[109/300] loss: 1.353
[110/300] loss: 1.338
[111/300] loss: 1.341
[112/300] loss: 1.352
[113/300] loss: 1.319
[114/300] loss: 1.336
[115/300] loss: 1.336
[116/300] loss: 1.323
[117/300] loss: 1.320
[118/300] loss: 1.322
[119/300] loss: 1.321
[120/300] loss: 1.318
[121/300] loss: 1.313
[122/300] loss: 1.316
[123/300] loss: 1.312
[124/300] loss: 1.298
[125/300] loss: 1.303
[126/300] loss: 1.304
[127/300] loss: 1.304
[128/300] loss: 1.303
[129/300] loss: 1.291
[130/300] loss: 1.284
[131/300] loss: 1.289
[132/300] loss: 1.273
[133/300] loss: 1.285
[134/300] loss: 1.270
[135/300] loss: 1.278
[136/300] loss: 1.279
[137/300] loss: 1.275
[138/300] loss: 1.278
[139/300] loss: 1.266
[140/300] loss: 1.253
[141/300] loss: 1.263
[142/300] loss: 1.262
[143/300] loss: 1.262
[144/300] loss: 1.242
[145/300] loss: 1.256
[146/300] loss: 1.252
[147/300] loss: 1.245
[148/300] loss: 1.243
[149/300] loss: 1.238
[150/300] loss: 1.240
[151/300] loss: 1.233
[152/300] loss: 1.236
[153/300] loss: 1.236
[154/300] loss: 1.238
[155/300] loss: 1.215
[156/300] loss: 1.217
[157/300] loss: 1.223
[158/300] loss: 1.215
[159/300] loss: 1.221
[160/300] loss: 1.219
[161/300] loss: 1.212
[162/300] loss: 1.219
[163/300] loss: 1.204
[164/300] loss: 1.195
[165/300] loss: 1.201
[166/300] loss: 1.202
[167/300] loss: 1.204
[168/300] loss: 1.185
[169/300] loss: 1.198
[170/300] loss: 1.191
[171/300] loss: 1.182
[172/300] loss: 1.185
[173/300] loss: 1.186
[174/300] loss: 1.177
[175/300] loss: 1.186
[176/300] loss: 1.180
[177/300] loss: 1.177
[178/300] loss: 1.169
[179/300] loss: 1.163
[180/300] loss: 1.172
[181/300] loss: 1.165
[182/300] loss: 1.155
[183/300] loss: 1.149
[184/300] loss: 1.158
[185/300] loss: 1.163
[186/300] loss: 1.159
[187/300] loss: 1.145
[188/300] loss: 1.148
[189/300] loss: 1.153
[190/300] loss: 1.137
[191/300] loss: 1.139
[192/300] loss: 1.139
[193/300] loss: 1.138
[194/300] loss: 1.137
[195/300] loss: 1.138
[196/300] loss: 1.130
[197/300] loss: 1.125
[198/300] loss: 1.129
[199/300] loss: 1.129
[200/300] loss: 1.125
[201/300] loss: 1.125
[202/300] loss: 1.125
[203/300] loss: 1.125
[204/300] loss: 1.113
[205/300] loss: 1.114
[206/300] loss: 1.111
[207/300] loss: 1.106
[208/300] loss: 1.103
[209/300] loss: 1.110
[210/300] loss: 1.104
[211/300] loss: 1.103
[212/300] loss: 1.104
[213/300] loss: 1.094
[214/300] loss: 1.099
[215/300] loss: 1.095
[216/300] loss: 1.076
[217/300] loss: 1.087
[218/300] loss: 1.093
[219/300] loss: 1.084
[220/300] loss: 1.087
[221/300] loss: 1.081
[222/300] loss: 1.090
[223/300] loss: 1.080
[224/300] loss: 1.079
[225/300] loss: 1.075
[226/300] loss: 1.086
[227/300] loss: 1.073
[228/300] loss: 1.079
[229/300] loss: 1.066
[230/300] loss: 1.065
[231/300] loss: 1.064
[232/300] loss: 1.059
[233/300] loss: 1.059
[234/300] loss: 1.056
[235/300] loss: 1.043
[236/300] loss: 1.056
[237/300] loss: 1.049
[238/300] loss: 1.058
[239/300] loss: 1.054
[240/300] loss: 1.048
[241/300] loss: 1.042
[242/300] loss: 1.049
[243/300] loss: 1.043
[244/300] loss: 1.044
[245/300] loss: 1.044
[246/300] loss: 1.040
[247/300] loss: 1.033
[248/300] loss: 1.033
[249/300] loss: 1.033
[250/300] loss: 1.033
[251/300] loss: 1.031
[252/300] loss: 1.020
[253/300] loss: 1.018
[254/300] loss: 1.025
[255/300] loss: 1.016
[256/300] loss: 1.023
[257/300] loss: 1.021
[258/300] loss: 1.020
[259/300] loss: 1.012
[260/300] loss: 1.019
[261/300] loss: 1.017
[262/300] loss: 1.015
[263/300] loss: 1.011
[264/300] loss: 1.003
[265/300] loss: 1.011
[266/300] loss: 1.004
[267/300] loss: 0.992
[268/300] loss: 1.000
[269/300] loss: 0.997
[270/300] loss: 1.004
[271/300] loss: 1.002
[272/300] loss: 0.998
[273/300] loss: 0.994
[274/300] loss: 0.987
[275/300] loss: 0.986
[276/300] loss: 0.991
[277/300] loss: 0.977
[278/300] loss: 0.975
[279/300] loss: 0.979
[280/300] loss: 0.974
[281/300] loss: 0.973
[282/300] loss: 0.978
[283/300] loss: 0.980
[284/300] loss: 0.971
[285/300] loss: 0.972
[286/300] loss: 0.969
[287/300] loss: 0.969
[288/300] loss: 0.972
[289/300] loss: 0.961
[290/300] loss: 0.965
[291/300] loss: 0.973
[292/300] loss: 0.961
[293/300] loss: 0.959
[294/300] loss: 0.967
[295/300] loss: 0.957
[296/300] loss: 0.961
[297/300] loss: 0.951
[298/300] loss: 0.954
[299/300] loss: 0.950
[300/300] loss: 0.946
model weights saved !!!
