===> Configurations
img_size ==> [256, 340]
image_path ==> /DATA/dataset/Flickr30k/Flickr30k/Images
captions_path ==> /DATA/dataset/Flickr30k/Flickr30k/captions.txt
batch_size ==> 32
pin_memory ==> True
num_workers ==> 4
backbone_layers ==> ['conv1', 'bn1', 'relu', 'maxpool', 'layer1', 'layer2', 'layer3', 'layer4']
encoder_layers ==> 6
decoder_layers ==> 6
encoder_heads ==> 8
decoder_heads ==> 8
embed_dim ==> 256
dropout ==> 0.1
lr ==> 0.0001
gpu ==> 5
return_logs ==> False
vocabulary_size ==> 12081
save_path ==> saved_models/detr_img_caption_lr00001_e500_v4.pth
epochs ==> 500
# of parameters: 47540465
[1/500] loss: 2.420
[2/500] loss: 1.999
[3/500] loss: 1.890
[4/500] loss: 1.843
[5/500] loss: 1.791
[6/500] loss: 1.751
[7/500] loss: 1.734
[8/500] loss: 1.706
[9/500] loss: 1.686
[10/500] loss: 1.660
[11/500] loss: 1.636
[12/500] loss: 1.621
[13/500] loss: 1.594
[14/500] loss: 1.581
[15/500] loss: 1.565
[16/500] loss: 1.561
[17/500] loss: 1.562
[18/500] loss: 1.518
[19/500] loss: 1.518
[20/500] loss: 1.529
[21/500] loss: 1.507
[22/500] loss: 1.491
[23/500] loss: 1.482
[24/500] loss: 1.469
[25/500] loss: 1.455
[26/500] loss: 1.453
[27/500] loss: 1.438
[28/500] loss: 1.430
[29/500] loss: 1.424
[30/500] loss: 1.416
[31/500] loss: 1.404
[32/500] loss: 1.398
[33/500] loss: 1.390
[34/500] loss: 1.366
[35/500] loss: 1.371
[36/500] loss: 1.368
[37/500] loss: 1.333
[38/500] loss: 1.337
[39/500] loss: 1.317
[40/500] loss: 1.319
[41/500] loss: 1.308
[42/500] loss: 1.310
[43/500] loss: 1.289
[44/500] loss: 1.285
[45/500] loss: 1.270
[46/500] loss: 1.272
[47/500] loss: 1.251
[48/500] loss: 1.257
[49/500] loss: 1.239
[50/500] loss: 1.237
[51/500] loss: 1.225
[52/500] loss: 1.215
[53/500] loss: 1.203
[54/500] loss: 1.204
[55/500] loss: 1.201
[56/500] loss: 1.181
[57/500] loss: 1.175
[58/500] loss: 1.169
[59/500] loss: 1.157
[60/500] loss: 1.162
[61/500] loss: 1.157
[62/500] loss: 1.141
[63/500] loss: 1.146
[64/500] loss: 1.136
[65/500] loss: 1.124
[66/500] loss: 1.122
[67/500] loss: 1.112
[68/500] loss: 1.105
[69/500] loss: 1.096
[70/500] loss: 1.098
[71/500] loss: 1.095
[72/500] loss: 1.073
[73/500] loss: 1.067
[74/500] loss: 1.073
[75/500] loss: 1.059
[76/500] loss: 1.059
[77/500] loss: 1.051
[78/500] loss: 1.039
[79/500] loss: 1.043
[80/500] loss: 1.032
[81/500] loss: 1.041
[82/500] loss: 1.025
[83/500] loss: 1.019
[84/500] loss: 1.010
[85/500] loss: 1.001
[86/500] loss: 1.000
[87/500] loss: 0.993
[88/500] loss: 0.995
[89/500] loss: 0.992
[90/500] loss: 0.992
[91/500] loss: 0.983
[92/500] loss: 0.971
[93/500] loss: 0.974
[94/500] loss: 0.954
[95/500] loss: 0.951
[96/500] loss: 0.957
[97/500] loss: 0.938
[98/500] loss: 0.943
[99/500] loss: 0.943
[100/500] loss: 0.933
[101/500] loss: 0.935
[102/500] loss: 0.928
[103/500] loss: 0.927
[104/500] loss: 0.920
[105/500] loss: 0.912
[106/500] loss: 0.905
[107/500] loss: 0.911
[108/500] loss: 0.904
[109/500] loss: 0.895
[110/500] loss: 0.888
[111/500] loss: 0.888
[112/500] loss: 0.889
[113/500] loss: 0.888
[114/500] loss: 0.874
[115/500] loss: 0.873
[116/500] loss: 0.865
[117/500] loss: 0.865
[118/500] loss: 0.871
[119/500] loss: 0.858
[120/500] loss: 0.849
[121/500] loss: 0.850
[122/500] loss: 0.855
[123/500] loss: 0.837
[124/500] loss: 0.849
[125/500] loss: 0.840
[126/500] loss: 0.833
[127/500] loss: 0.828
[128/500] loss: 0.824
[129/500] loss: 0.821
[130/500] loss: 0.817
[131/500] loss: 0.814
[132/500] loss: 0.814
[133/500] loss: 0.812
[134/500] loss: 0.799
[135/500] loss: 0.802
[136/500] loss: 0.795
[137/500] loss: 0.787
[138/500] loss: 0.795
[139/500] loss: 0.789
[140/500] loss: 0.781
[141/500] loss: 0.782
[142/500] loss: 0.778
[143/500] loss: 0.773
[144/500] loss: 0.769
[145/500] loss: 0.770
[146/500] loss: 0.766
[147/500] loss: 0.764
[148/500] loss: 0.759
[149/500] loss: 0.760
[150/500] loss: 0.758
[151/500] loss: 0.752
[152/500] loss: 0.750
[153/500] loss: 0.741
[154/500] loss: 0.742
[155/500] loss: 0.744
[156/500] loss: 0.735
[157/500] loss: 0.736
[158/500] loss: 0.735
[159/500] loss: 0.731
[160/500] loss: 0.728
[161/500] loss: 0.733
[162/500] loss: 0.725
[163/500] loss: 0.725
[164/500] loss: 0.723
[165/500] loss: 0.713
[166/500] loss: 0.711
[167/500] loss: 0.712
[168/500] loss: 0.708
[169/500] loss: 0.707
[170/500] loss: 0.695
[171/500] loss: 0.701
[172/500] loss: 0.698
[173/500] loss: 0.698
[174/500] loss: 0.691
[175/500] loss: 0.691
[176/500] loss: 0.688
[177/500] loss: 0.685
[178/500] loss: 0.680
[179/500] loss: 0.676
[180/500] loss: 0.677
[181/500] loss: 0.677
[182/500] loss: 0.671
[183/500] loss: 0.664
[184/500] loss: 0.670
[185/500] loss: 0.667
[186/500] loss: 0.668
[187/500] loss: 0.667
[188/500] loss: 0.663
[189/500] loss: 0.663
[190/500] loss: 0.657
[191/500] loss: 0.651
[192/500] loss: 0.651
[193/500] loss: 0.653
[194/500] loss: 0.643
[195/500] loss: 0.645
[196/500] loss: 0.640
[197/500] loss: 0.640
[198/500] loss: 0.642
[199/500] loss: 0.641
[200/500] loss: 0.638
[201/500] loss: 0.639
[202/500] loss: 0.627
[203/500] loss: 0.631
[204/500] loss: 0.628
[205/500] loss: 0.625
[206/500] loss: 0.625
[207/500] loss: 0.618
[208/500] loss: 0.620
[209/500] loss: 0.617
[210/500] loss: 0.616
[211/500] loss: 0.617
[212/500] loss: 0.616
[213/500] loss: 0.610
[214/500] loss: 0.604
[215/500] loss: 0.609
[216/500] loss: 0.608
[217/500] loss: 0.599
[218/500] loss: 0.598
[219/500] loss: 0.600
[220/500] loss: 0.601
[221/500] loss: 0.592
[222/500] loss: 0.593
[223/500] loss: 0.592
[224/500] loss: 0.591
[225/500] loss: 0.591
[226/500] loss: 0.592
[227/500] loss: 0.589
[228/500] loss: 0.580
[229/500] loss: 0.583
[230/500] loss: 0.579
[231/500] loss: 0.579
[232/500] loss: 0.580
[233/500] loss: 0.578
[234/500] loss: 0.579
[235/500] loss: 0.574
[236/500] loss: 0.572
[237/500] loss: 0.568
[238/500] loss: 0.566
[239/500] loss: 0.571
[240/500] loss: 0.568
[241/500] loss: 0.562
[242/500] loss: 0.561
[243/500] loss: 0.562
[244/500] loss: 0.557
[245/500] loss: 0.555
[246/500] loss: 0.561
[247/500] loss: 0.557
[248/500] loss: 0.553
[249/500] loss: 0.557
[250/500] loss: 0.550
[251/500] loss: 0.553
[252/500] loss: 0.552
[253/500] loss: 0.549
[254/500] loss: 0.550
[255/500] loss: 0.545
[256/500] loss: 0.545
[257/500] loss: 0.546
[258/500] loss: 0.538
[259/500] loss: 0.543
[260/500] loss: 0.538
[261/500] loss: 0.541
[262/500] loss: 0.535
[263/500] loss: 0.533
[264/500] loss: 0.532
[265/500] loss: 0.531
[266/500] loss: 0.529
[267/500] loss: 0.521
[268/500] loss: 0.529
[269/500] loss: 0.527
[270/500] loss: 0.524
[271/500] loss: 0.525
[272/500] loss: 0.518
[273/500] loss: 0.528
[274/500] loss: 0.524
[275/500] loss: 0.522
[276/500] loss: 0.516
[277/500] loss: 0.518
[278/500] loss: 0.516
[279/500] loss: 0.514
[280/500] loss: 0.519
[281/500] loss: 0.512
[282/500] loss: 0.507
[283/500] loss: 0.509
[284/500] loss: 0.509
[285/500] loss: 0.510
[286/500] loss: 0.507
[287/500] loss: 0.511
[288/500] loss: 0.506
[289/500] loss: 0.505
[290/500] loss: 0.502
[291/500] loss: 0.501
[292/500] loss: 0.496
[293/500] loss: 0.500
[294/500] loss: 0.495
[295/500] loss: 0.494
[296/500] loss: 0.497
[297/500] loss: 0.492
[298/500] loss: 0.493
[299/500] loss: 0.491
[300/500] loss: 0.496
[301/500] loss: 0.486
[302/500] loss: 0.491
[303/500] loss: 0.490
[304/500] loss: 0.487
[305/500] loss: 0.482
[306/500] loss: 0.480
[307/500] loss: 0.484
[308/500] loss: 0.482
[309/500] loss: 0.483
[310/500] loss: 0.482
[311/500] loss: 0.482
[312/500] loss: 0.485
[313/500] loss: 0.476
[314/500] loss: 0.478
[315/500] loss: 0.472
[316/500] loss: 0.479
[317/500] loss: 0.475
[318/500] loss: 0.472
[319/500] loss: 0.475
[320/500] loss: 0.471
[321/500] loss: 0.470
[322/500] loss: 0.467
[323/500] loss: 0.469
[324/500] loss: 0.469
[325/500] loss: 0.469
[326/500] loss: 0.464
[327/500] loss: 0.468
[328/500] loss: 0.464
[329/500] loss: 0.465
[330/500] loss: 0.465
[331/500] loss: 0.462
[332/500] loss: 0.465
[333/500] loss: 0.461
[334/500] loss: 0.460
