===> Configurations
img_size ==> [256, 340]
image_path ==> /DATA/dataset/Flickr30k/Flickr30k/Images
captions_path ==> /DATA/dataset/Flickr30k/Flickr30k/captions.txt
batch_size ==> 32
pin_memory ==> True
num_workers ==> 4
backbone_layers ==> ['conv1', 'bn1', 'relu', 'maxpool', 'layer1', 'layer2', 'layer3', 'layer4']
encoder_layers ==> 6
decoder_layers ==> 6
encoder_heads ==> 8
decoder_heads ==> 8
embed_dim ==> 256
dropout ==> 0.1
lr ==> 0.0001
gpu ==> 5
return_logs ==> False
vocabulary_size ==> 12081
save_path ==> saved_models/detr_img_caption_v1.pth
epochs ==> 25
# of parameters: 47540465
[1/25] loss: 1.096
[2/25] loss: 0.279
[3/25] loss: 0.160
[4/25] loss: 0.105
[5/25] loss: 0.074
[6/25] loss: 0.054
[7/25] loss: 0.042
[8/25] loss: 0.031
[9/25] loss: 0.024
[10/25] loss: 0.019
[11/25] loss: 0.015
[12/25] loss: 0.012
[13/25] loss: 0.009
[14/25] loss: 0.007
[15/25] loss: 0.006
[16/25] loss: 0.004
[17/25] loss: 0.003
[18/25] loss: 0.003
